0 info it worked if it ends with ok
1 verbose cli [ '/Users/oscaroceguerabibriesca/.nvm/versions/node/v4.2.1/bin/node',
1 verbose cli   '/Users/oscaroceguerabibriesca/.nvm/versions/node/v4.2.1/bin/npm',
1 verbose cli   'start',
1 verbose cli   '--',
1 verbose cli   'get' ]
2 info using npm@3.6.0
3 info using node@v4.2.1
4 verbose run-script [ 'prestart', 'start', 'poststart' ]
5 info lifecycle password-manager@1.0.0~prestart: password-manager@1.0.0
6 silly lifecycle password-manager@1.0.0~prestart: no script for prestart, continuing
7 info lifecycle password-manager@1.0.0~start: password-manager@1.0.0
8 verbose lifecycle password-manager@1.0.0~start: unsafe-perm in lifecycle true
9 verbose lifecycle password-manager@1.0.0~start: PATH: /Users/oscaroceguerabibriesca/.nvm/versions/node/v4.2.1/lib/node_modules/npm/bin/node-gyp-bin:/Users/oscaroceguerabibriesca/Documents/Repositorios/Ejemplos/node-examples-udemy/password-manager/node_modules/.bin:/Users/oscaroceguerabibriesca/.nvm/versions/node/v4.2.1/bin:/usr/local/bin:/usr/bin:/bin:/usr/sbin:/sbin
10 verbose lifecycle password-manager@1.0.0~start: CWD: /Users/oscaroceguerabibriesca/Documents/Repositorios/Ejemplos/node-examples-udemy/password-manager
11 silly lifecycle password-manager@1.0.0~start: Args: [ '-c', 'node app.js "get"' ]
12 silly lifecycle password-manager@1.0.0~start: Returned: code: 1  signal: null
13 info lifecycle password-manager@1.0.0~start: Failed to exec start script
14 verbose stack Error: password-manager@1.0.0 start: `node app.js "get"`
14 verbose stack Exit status 1
14 verbose stack     at EventEmitter.<anonymous> (/Users/oscaroceguerabibriesca/.nvm/versions/node/v4.2.1/lib/node_modules/npm/lib/utils/lifecycle.js:232:16)
14 verbose stack     at emitTwo (events.js:87:13)
14 verbose stack     at EventEmitter.emit (events.js:172:7)
14 verbose stack     at ChildProcess.<anonymous> (/Users/oscaroceguerabibriesca/.nvm/versions/node/v4.2.1/lib/node_modules/npm/lib/utils/spawn.js:24:14)
14 verbose stack     at emitTwo (events.js:87:13)
14 verbose stack     at ChildProcess.emit (events.js:172:7)
14 verbose stack     at maybeClose (internal/child_process.js:818:16)
14 verbose stack     at Process.ChildProcess._handle.onexit (internal/child_process.js:211:5)
15 verbose pkgid password-manager@1.0.0
16 verbose cwd /Users/oscaroceguerabibriesca/Documents/Repositorios/Ejemplos/node-examples-udemy/password-manager
17 error Darwin 15.3.0
18 error argv "/Users/oscaroceguerabibriesca/.nvm/versions/node/v4.2.1/bin/node" "/Users/oscaroceguerabibriesca/.nvm/versions/node/v4.2.1/bin/npm" "start" "--" "get"
19 error node v4.2.1
20 error npm  v3.6.0
21 error code ELIFECYCLE
22 error password-manager@1.0.0 start: `node app.js "get"`
22 error Exit status 1
23 error Failed at the password-manager@1.0.0 start script 'node app.js "get"'.
23 error Make sure you have the latest version of node.js and npm installed.
23 error If you do, this is most likely a problem with the password-manager package,
23 error not with npm itself.
23 error Tell the author that this fails on your system:
23 error     node app.js "get"
23 error You can get information on how to open an issue for this project with:
23 error     npm bugs password-manager
23 error Or if that isn't available, you can get their info via:
23 error     npm owner ls password-manager
23 error There is likely additional logging output above.
24 verbose exit [ 1, true ]
